2022-11-07 12:48:37,986 [Worker-6: Loading available Gradle versions] INFO  o.e.b.c.i.u.g.PublishedGradleVersions - Gradle version information cache is up-to-date. Trying to read.
2022-11-07 13:04:12,467 [Worker-58: Import Getting Started Content] INFO  o.e.m.c.i.l.LifecycleMappingFactory - Using org.eclipse.m2e.jdt.JarLifecycleMapping lifecycle mapping for MavenProject: com.solveit.serviceperson:ServicePerson_Api:0.0.1-SNAPSHOT @ C:\Users\USER\Documents\workspace3\ServicePerson_Api\pom.xml.
2022-11-07 13:04:13,571 [Worker-58: Import Getting Started Content] INFO  o.e.m.j.i.AbstractJavaProjectConfigurator - Adding source folder /ServicePerson_Api/src/main/java
2022-11-07 13:04:13,572 [Worker-58: Import Getting Started Content] INFO  o.e.m.j.i.AbstractJavaProjectConfigurator - Adding resource folder /ServicePerson_Api/src/main/resources
2022-11-07 13:04:13,578 [Worker-58: Import Getting Started Content] INFO  o.e.m.j.i.AbstractJavaProjectConfigurator - Adding resource folder /ServicePerson_Api/src/main/resources
2022-11-07 13:04:13,583 [Worker-58: Import Getting Started Content] INFO  o.e.m.j.i.AbstractJavaProjectConfigurator - Adding source folder /ServicePerson_Api/src/test/java
2022-11-07 13:04:13,929 [Worker-58: Import Getting Started Content] INFO  o.e.m.c.i.p.ProjectConfigurationManager - Imported and configured 1 project(s) in 2 sec
2022-11-07 13:04:13,935 [Worker-58: Import Getting Started Content] INFO  o.e.m.c.i.p.ProjectConfigurationManager - Update started
2022-11-07 13:04:14,205 [Worker-58: Import Getting Started Content] INFO  o.e.m.c.i.l.LifecycleMappingFactory - Using org.eclipse.m2e.jdt.JarLifecycleMapping lifecycle mapping for MavenProject: com.solveit.serviceperson:ServicePerson_Api:0.0.1-SNAPSHOT @ C:\Users\USER\Documents\workspace3\ServicePerson_Api\pom.xml.
2022-11-07 13:04:14,601 [Worker-58: Import Getting Started Content] INFO  o.e.m.j.i.AbstractJavaProjectConfigurator - Adding source folder /ServicePerson_Api/src/main/java
2022-11-07 13:04:14,601 [Worker-58: Import Getting Started Content] INFO  o.e.m.j.i.AbstractJavaProjectConfigurator - Adding resource folder /ServicePerson_Api/src/main/resources
2022-11-07 13:04:14,602 [Worker-58: Import Getting Started Content] INFO  o.e.m.j.i.AbstractJavaProjectConfigurator - Adding resource folder /ServicePerson_Api/src/main/resources
2022-11-07 13:04:14,602 [Worker-58: Import Getting Started Content] INFO  o.e.m.j.i.AbstractJavaProjectConfigurator - Adding source folder /ServicePerson_Api/src/test/java
2022-11-07 13:04:14,932 [Worker-58: Import Getting Started Content] INFO  o.e.m.c.i.p.ProjectConfigurationManager - Update completed: 0 sec
2022-11-07 13:04:15,403 [Worker-60: Building] INFO  o.e.m.c.i.embedder.EclipseLogger - Using 'UTF-8' encoding to copy filtered resources.
2022-11-07 13:04:15,403 [Worker-60: Building] INFO  o.e.m.c.i.embedder.EclipseLogger - Using 'UTF-8' encoding to copy filtered properties files.
2022-11-07 13:04:15,406 [Worker-60: Building] INFO  o.e.m.c.i.embedder.EclipseLogger - Copying 1 resource
2022-11-07 13:04:15,418 [Worker-60: Building] INFO  o.e.m.c.i.embedder.EclipseLogger - Copying 0 resource
2022-11-07 13:04:15,421 [Worker-60: Building] INFO  o.e.m.c.i.embedder.EclipseLogger - Using 'UTF-8' encoding to copy filtered resources.
2022-11-07 13:04:15,421 [Worker-60: Building] INFO  o.e.m.c.i.embedder.EclipseLogger - Using 'UTF-8' encoding to copy filtered properties files.
2022-11-07 13:04:15,421 [Worker-60: Building] INFO  o.e.m.c.i.embedder.EclipseLogger - skip non existing resourceDirectory C:\Users\USER\Documents\workspace3\ServicePerson_Api\src\test\resources
2022-11-07 13:49:51,486 [Worker-75: Enabling Maven Dependency Management] INFO  o.e.m.c.i.l.LifecycleMappingFactory - Using org.eclipse.m2e.jdt.JarLifecycleMapping lifecycle mapping for MavenProject: com.solveit.serviceperson:ServicePerson_Infrastructure:0.0.1-SNAPSHOT @ C:\Users\USER\Documents\workspace3\ServicePerson_Infrastructure\pom.xml.
2022-11-07 13:49:51,827 [Worker-75: Enabling Maven Dependency Management] INFO  o.e.m.j.i.AbstractJavaProjectConfigurator - Adding source folder /ServicePerson_Infrastructure/src
2022-11-07 13:49:51,828 [Worker-75: Enabling Maven Dependency Management] INFO  o.e.m.j.i.AbstractJavaProjectConfigurator - Not adding source folder /ServicePerson_Infrastructure/src/test/java because it overlaps with /ServicePerson_Infrastructure/src
2022-11-07 13:49:51,950 [Worker-75: Enabling Maven Dependency Management] INFO  o.e.m.c.i.p.ProjectConfigurationManager - Update started
2022-11-07 13:49:52,133 [Worker-75: Enabling Maven Dependency Management] INFO  o.e.m.c.i.l.LifecycleMappingFactory - Using org.eclipse.m2e.jdt.JarLifecycleMapping lifecycle mapping for MavenProject: com.solveit.serviceperson:ServicePerson_Infrastructure:0.0.1-SNAPSHOT @ C:\Users\USER\Documents\workspace3\ServicePerson_Infrastructure\pom.xml.
2022-11-07 13:49:52,239 [Worker-75: Enabling Maven Dependency Management] INFO  o.e.m.j.i.AbstractJavaProjectConfigurator - Adding source folder /ServicePerson_Infrastructure/src
2022-11-07 13:49:52,240 [Worker-75: Enabling Maven Dependency Management] INFO  o.e.m.j.i.AbstractJavaProjectConfigurator - Not adding source folder /ServicePerson_Infrastructure/src/test/java because it overlaps with /ServicePerson_Infrastructure/src
2022-11-07 13:49:52,312 [Worker-75: Enabling Maven Dependency Management] INFO  o.e.m.c.i.p.ProjectConfigurationManager - Update completed: 0 sec
2022-11-07 13:49:52,427 [Worker-77: Building] WARN  o.e.m.c.i.embedder.EclipseLogger - Using platform encoding (Cp1252 actually) to copy filtered resources, i.e. build is platform dependent!
2022-11-07 13:49:52,428 [Worker-77: Building] INFO  o.e.m.c.i.embedder.EclipseLogger - skip non existing resourceDirectory C:\Users\USER\Documents\workspace3\ServicePerson_Infrastructure\src\main\resources
2022-11-07 13:49:52,431 [Worker-77: Building] WARN  o.e.m.c.i.embedder.EclipseLogger - Using platform encoding (Cp1252 actually) to copy filtered resources, i.e. build is platform dependent!
2022-11-07 13:49:52,432 [Worker-77: Building] INFO  o.e.m.c.i.embedder.EclipseLogger - skip non existing resourceDirectory C:\Users\USER\Documents\workspace3\ServicePerson_Infrastructure\src\test\resources
2022-11-07 13:50:43,164 [Worker-74: Enabling Maven Dependency Management] INFO  o.e.m.c.i.l.LifecycleMappingFactory - Using org.eclipse.m2e.jdt.JarLifecycleMapping lifecycle mapping for MavenProject: com.solveit.serviceperson:ServicePerson_Entity:0.0.1-SNAPSHOT @ C:\Users\USER\Documents\workspace3\ServicePerson_Entity\pom.xml.
2022-11-07 13:50:43,315 [Worker-74: Enabling Maven Dependency Management] INFO  o.e.m.j.i.AbstractJavaProjectConfigurator - Adding source folder /ServicePerson_Entity/src
2022-11-07 13:50:43,316 [Worker-74: Enabling Maven Dependency Management] INFO  o.e.m.j.i.AbstractJavaProjectConfigurator - Not adding source folder /ServicePerson_Entity/src/test/java because it overlaps with /ServicePerson_Entity/src
2022-11-07 13:50:43,400 [Worker-74: Enabling Maven Dependency Management] INFO  o.e.m.c.i.p.ProjectConfigurationManager - Update started
2022-11-07 13:50:43,425 [Worker-74: Enabling Maven Dependency Management] INFO  o.e.m.c.i.l.LifecycleMappingFactory - Using org.eclipse.m2e.jdt.JarLifecycleMapping lifecycle mapping for MavenProject: com.solveit.serviceperson:ServicePerson_Entity:0.0.1-SNAPSHOT @ C:\Users\USER\Documents\workspace3\ServicePerson_Entity\pom.xml.
2022-11-07 13:50:43,465 [Worker-74: Enabling Maven Dependency Management] INFO  o.e.m.j.i.AbstractJavaProjectConfigurator - Adding source folder /ServicePerson_Entity/src
2022-11-07 13:50:43,466 [Worker-74: Enabling Maven Dependency Management] INFO  o.e.m.j.i.AbstractJavaProjectConfigurator - Not adding source folder /ServicePerson_Entity/src/test/java because it overlaps with /ServicePerson_Entity/src
2022-11-07 13:50:43,534 [Worker-74: Enabling Maven Dependency Management] INFO  o.e.m.c.i.p.ProjectConfigurationManager - Update completed: 0 sec
2022-11-07 13:50:43,643 [Worker-75: Building] WARN  o.e.m.c.i.embedder.EclipseLogger - Using platform encoding (Cp1252 actually) to copy filtered resources, i.e. build is platform dependent!
2022-11-07 13:50:43,644 [Worker-75: Building] INFO  o.e.m.c.i.embedder.EclipseLogger - skip non existing resourceDirectory C:\Users\USER\Documents\workspace3\ServicePerson_Entity\src\main\resources
2022-11-07 13:50:43,645 [Worker-75: Building] WARN  o.e.m.c.i.embedder.EclipseLogger - Using platform encoding (Cp1252 actually) to copy filtered resources, i.e. build is platform dependent!
2022-11-07 13:50:43,646 [Worker-75: Building] INFO  o.e.m.c.i.embedder.EclipseLogger - skip non existing resourceDirectory C:\Users\USER\Documents\workspace3\ServicePerson_Entity\src\test\resources
2022-11-07 13:51:01,146 [Worker-75: Enabling Maven Dependency Management] INFO  o.e.m.c.i.l.LifecycleMappingFactory - Using org.eclipse.m2e.jdt.JarLifecycleMapping lifecycle mapping for MavenProject: com.solveit.serviceperson:ServicePerson_DTO:0.0.1-SNAPSHOT @ C:\Users\USER\Documents\workspace3\ServicePerson_DTO\pom.xml.
2022-11-07 13:51:01,288 [Worker-75: Enabling Maven Dependency Management] INFO  o.e.m.j.i.AbstractJavaProjectConfigurator - Adding source folder /ServicePerson_DTO/src
2022-11-07 13:51:01,289 [Worker-75: Enabling Maven Dependency Management] INFO  o.e.m.j.i.AbstractJavaProjectConfigurator - Not adding source folder /ServicePerson_DTO/src/test/java because it overlaps with /ServicePerson_DTO/src
2022-11-07 13:51:01,379 [Worker-75: Enabling Maven Dependency Management] INFO  o.e.m.c.i.p.ProjectConfigurationManager - Update started
2022-11-07 13:51:01,408 [Worker-75: Enabling Maven Dependency Management] INFO  o.e.m.c.i.l.LifecycleMappingFactory - Using org.eclipse.m2e.jdt.JarLifecycleMapping lifecycle mapping for MavenProject: com.solveit.serviceperson:ServicePerson_DTO:0.0.1-SNAPSHOT @ C:\Users\USER\Documents\workspace3\ServicePerson_DTO\pom.xml.
2022-11-07 13:51:01,449 [Worker-75: Enabling Maven Dependency Management] INFO  o.e.m.j.i.AbstractJavaProjectConfigurator - Adding source folder /ServicePerson_DTO/src
2022-11-07 13:51:01,449 [Worker-75: Enabling Maven Dependency Management] INFO  o.e.m.j.i.AbstractJavaProjectConfigurator - Not adding source folder /ServicePerson_DTO/src/test/java because it overlaps with /ServicePerson_DTO/src
2022-11-07 13:51:01,523 [Worker-75: Enabling Maven Dependency Management] INFO  o.e.m.c.i.p.ProjectConfigurationManager - Update completed: 0 sec
2022-11-07 13:51:01,648 [Worker-75: Building] WARN  o.e.m.c.i.embedder.EclipseLogger - Using platform encoding (Cp1252 actually) to copy filtered resources, i.e. build is platform dependent!
2022-11-07 13:51:01,651 [Worker-75: Building] INFO  o.e.m.c.i.embedder.EclipseLogger - skip non existing resourceDirectory C:\Users\USER\Documents\workspace3\ServicePerson_DTO\src\main\resources
2022-11-07 13:51:01,659 [Worker-75: Building] WARN  o.e.m.c.i.embedder.EclipseLogger - Using platform encoding (Cp1252 actually) to copy filtered resources, i.e. build is platform dependent!
2022-11-07 13:51:01,662 [Worker-75: Building] INFO  o.e.m.c.i.embedder.EclipseLogger - skip non existing resourceDirectory C:\Users\USER\Documents\workspace3\ServicePerson_DTO\src\test\resources
2022-11-07 13:51:18,699 [Worker-73: Enabling Maven Dependency Management] INFO  o.e.m.c.i.l.LifecycleMappingFactory - Using org.eclipse.m2e.jdt.JarLifecycleMapping lifecycle mapping for MavenProject: com.solveit.serviceperson:ServicePerson_Domain:0.0.1-SNAPSHOT @ C:\Users\USER\Documents\workspace3\ServicePerson_Domain\pom.xml.
2022-11-07 13:51:18,868 [Worker-73: Enabling Maven Dependency Management] INFO  o.e.m.j.i.AbstractJavaProjectConfigurator - Adding source folder /ServicePerson_Domain/src
2022-11-07 13:51:18,869 [Worker-73: Enabling Maven Dependency Management] INFO  o.e.m.j.i.AbstractJavaProjectConfigurator - Not adding source folder /ServicePerson_Domain/src/test/java because it overlaps with /ServicePerson_Domain/src
2022-11-07 13:51:18,956 [Worker-73: Enabling Maven Dependency Management] INFO  o.e.m.c.i.p.ProjectConfigurationManager - Update started
2022-11-07 13:51:18,988 [Worker-73: Enabling Maven Dependency Management] INFO  o.e.m.c.i.l.LifecycleMappingFactory - Using org.eclipse.m2e.jdt.JarLifecycleMapping lifecycle mapping for MavenProject: com.solveit.serviceperson:ServicePerson_Domain:0.0.1-SNAPSHOT @ C:\Users\USER\Documents\workspace3\ServicePerson_Domain\pom.xml.
2022-11-07 13:51:19,032 [Worker-73: Enabling Maven Dependency Management] INFO  o.e.m.j.i.AbstractJavaProjectConfigurator - Adding source folder /ServicePerson_Domain/src
2022-11-07 13:51:19,032 [Worker-73: Enabling Maven Dependency Management] INFO  o.e.m.j.i.AbstractJavaProjectConfigurator - Not adding source folder /ServicePerson_Domain/src/test/java because it overlaps with /ServicePerson_Domain/src
2022-11-07 13:51:19,097 [Worker-73: Enabling Maven Dependency Management] INFO  o.e.m.c.i.p.ProjectConfigurationManager - Update completed: 0 sec
2022-11-07 13:51:19,204 [Worker-74: Building] WARN  o.e.m.c.i.embedder.EclipseLogger - Using platform encoding (Cp1252 actually) to copy filtered resources, i.e. build is platform dependent!
2022-11-07 13:51:19,205 [Worker-74: Building] INFO  o.e.m.c.i.embedder.EclipseLogger - skip non existing resourceDirectory C:\Users\USER\Documents\workspace3\ServicePerson_Domain\src\main\resources
2022-11-07 13:51:19,207 [Worker-74: Building] WARN  o.e.m.c.i.embedder.EclipseLogger - Using platform encoding (Cp1252 actually) to copy filtered resources, i.e. build is platform dependent!
2022-11-07 13:51:19,208 [Worker-74: Building] INFO  o.e.m.c.i.embedder.EclipseLogger - skip non existing resourceDirectory C:\Users\USER\Documents\workspace3\ServicePerson_Domain\src\test\resources
2022-11-07 13:51:32,951 [Worker-73: Enabling Maven Dependency Management] INFO  o.e.m.c.i.l.LifecycleMappingFactory - Using org.eclipse.m2e.jdt.JarLifecycleMapping lifecycle mapping for MavenProject: com.solveit.serviceperson:ServicePerson_CrossCutting:0.0.1-SNAPSHOT @ C:\Users\USER\Documents\workspace3\ServicePerson_CrossCutting\pom.xml.
2022-11-07 13:51:33,096 [Worker-73: Enabling Maven Dependency Management] INFO  o.e.m.j.i.AbstractJavaProjectConfigurator - Adding source folder /ServicePerson_CrossCutting/src
2022-11-07 13:51:33,097 [Worker-73: Enabling Maven Dependency Management] INFO  o.e.m.j.i.AbstractJavaProjectConfigurator - Not adding source folder /ServicePerson_CrossCutting/src/test/java because it overlaps with /ServicePerson_CrossCutting/src
2022-11-07 13:51:33,184 [Worker-73: Enabling Maven Dependency Management] INFO  o.e.m.c.i.p.ProjectConfigurationManager - Update started
2022-11-07 13:51:33,211 [Worker-73: Enabling Maven Dependency Management] INFO  o.e.m.c.i.l.LifecycleMappingFactory - Using org.eclipse.m2e.jdt.JarLifecycleMapping lifecycle mapping for MavenProject: com.solveit.serviceperson:ServicePerson_CrossCutting:0.0.1-SNAPSHOT @ C:\Users\USER\Documents\workspace3\ServicePerson_CrossCutting\pom.xml.
2022-11-07 13:51:33,246 [Worker-73: Enabling Maven Dependency Management] INFO  o.e.m.j.i.AbstractJavaProjectConfigurator - Adding source folder /ServicePerson_CrossCutting/src
2022-11-07 13:51:33,247 [Worker-73: Enabling Maven Dependency Management] INFO  o.e.m.j.i.AbstractJavaProjectConfigurator - Not adding source folder /ServicePerson_CrossCutting/src/test/java because it overlaps with /ServicePerson_CrossCutting/src
2022-11-07 13:51:33,300 [Worker-73: Enabling Maven Dependency Management] INFO  o.e.m.c.i.p.ProjectConfigurationManager - Update completed: 0 sec
2022-11-07 13:51:33,413 [Worker-78: Building] WARN  o.e.m.c.i.embedder.EclipseLogger - Using platform encoding (Cp1252 actually) to copy filtered resources, i.e. build is platform dependent!
2022-11-07 13:51:33,413 [Worker-78: Building] INFO  o.e.m.c.i.embedder.EclipseLogger - skip non existing resourceDirectory C:\Users\USER\Documents\workspace3\ServicePerson_CrossCutting\src\main\resources
2022-11-07 13:51:33,415 [Worker-78: Building] WARN  o.e.m.c.i.embedder.EclipseLogger - Using platform encoding (Cp1252 actually) to copy filtered resources, i.e. build is platform dependent!
2022-11-07 13:51:33,416 [Worker-78: Building] INFO  o.e.m.c.i.embedder.EclipseLogger - skip non existing resourceDirectory C:\Users\USER\Documents\workspace3\ServicePerson_CrossCutting\src\test\resources
2022-11-07 13:51:56,863 [Worker-77: Enabling Maven Dependency Management] INFO  o.e.m.c.i.l.LifecycleMappingFactory - Using org.eclipse.m2e.jdt.JarLifecycleMapping lifecycle mapping for MavenProject: com.solveit.serviceperson:ServicePerson_Application:0.0.1-SNAPSHOT @ C:\Users\USER\Documents\workspace3\ServicePerson_Application\pom.xml.
2022-11-07 13:51:57,006 [Worker-77: Enabling Maven Dependency Management] INFO  o.e.m.j.i.AbstractJavaProjectConfigurator - Adding source folder /ServicePerson_Application/src
2022-11-07 13:51:57,006 [Worker-77: Enabling Maven Dependency Management] INFO  o.e.m.j.i.AbstractJavaProjectConfigurator - Not adding source folder /ServicePerson_Application/src/test/java because it overlaps with /ServicePerson_Application/src
2022-11-07 13:51:57,121 [Worker-77: Enabling Maven Dependency Management] INFO  o.e.m.c.i.p.ProjectConfigurationManager - Update started
2022-11-07 13:51:57,148 [Worker-77: Enabling Maven Dependency Management] INFO  o.e.m.c.i.l.LifecycleMappingFactory - Using org.eclipse.m2e.jdt.JarLifecycleMapping lifecycle mapping for MavenProject: com.solveit.serviceperson:ServicePerson_Application:0.0.1-SNAPSHOT @ C:\Users\USER\Documents\workspace3\ServicePerson_Application\pom.xml.
2022-11-07 13:51:57,187 [Worker-77: Enabling Maven Dependency Management] INFO  o.e.m.j.i.AbstractJavaProjectConfigurator - Adding source folder /ServicePerson_Application/src
2022-11-07 13:51:57,187 [Worker-77: Enabling Maven Dependency Management] INFO  o.e.m.j.i.AbstractJavaProjectConfigurator - Not adding source folder /ServicePerson_Application/src/test/java because it overlaps with /ServicePerson_Application/src
2022-11-07 13:51:57,248 [Worker-77: Enabling Maven Dependency Management] INFO  o.e.m.c.i.p.ProjectConfigurationManager - Update completed: 0 sec
2022-11-07 13:51:57,355 [Worker-79: Building] WARN  o.e.m.c.i.embedder.EclipseLogger - Using platform encoding (Cp1252 actually) to copy filtered resources, i.e. build is platform dependent!
2022-11-07 13:51:57,356 [Worker-79: Building] INFO  o.e.m.c.i.embedder.EclipseLogger - skip non existing resourceDirectory C:\Users\USER\Documents\workspace3\ServicePerson_Application\src\main\resources
2022-11-07 13:51:57,358 [Worker-79: Building] WARN  o.e.m.c.i.embedder.EclipseLogger - Using platform encoding (Cp1252 actually) to copy filtered resources, i.e. build is platform dependent!
2022-11-07 13:51:57,358 [Worker-79: Building] INFO  o.e.m.c.i.embedder.EclipseLogger - skip non existing resourceDirectory C:\Users\USER\Documents\workspace3\ServicePerson_Application\src\test\resources
2022-11-07 13:58:36,204 [Worker-76: Building] INFO  o.e.m.c.i.l.LifecycleMappingFactory - Using org.eclipse.m2e.jdt.JarLifecycleMapping lifecycle mapping for MavenProject: com.solveit.serviceperson:ServicePerson_Infrastructure:0.0.1-SNAPSHOT @ C:\Users\USER\Documents\workspace3\ServicePerson_Infrastructure\pom.xml.
2022-11-07 13:58:36,227 [Worker-76: Building] WARN  o.e.m.c.i.embedder.EclipseLogger - Using platform encoding (Cp1252 actually) to copy filtered resources, i.e. build is platform dependent!
2022-11-07 13:58:36,228 [Worker-76: Building] INFO  o.e.m.c.i.embedder.EclipseLogger - skip non existing resourceDirectory C:\Users\USER\Documents\workspace3\ServicePerson_Infrastructure\src\main\resources
2022-11-07 13:58:36,229 [Worker-76: Building] WARN  o.e.m.c.i.embedder.EclipseLogger - Using platform encoding (Cp1252 actually) to copy filtered resources, i.e. build is platform dependent!
2022-11-07 13:58:36,229 [Worker-76: Building] INFO  o.e.m.c.i.embedder.EclipseLogger - skip non existing resourceDirectory C:\Users\USER\Documents\workspace3\ServicePerson_Infrastructure\src\test\resources
2022-11-07 13:59:58,856 [Worker-78: Building] INFO  o.e.m.c.i.l.LifecycleMappingFactory - Using org.eclipse.m2e.jdt.JarLifecycleMapping lifecycle mapping for MavenProject: com.solveit.serviceperson:ServicePerson_Infrastructure:0.0.1-SNAPSHOT @ C:\Users\USER\Documents\workspace3\ServicePerson_Infrastructure\pom.xml.
2022-11-07 13:59:58,862 [Worker-78: Building] INFO  o.e.m.c.i.p.WorkspaceClassifierResolverManager - Resolving P/ServicePerson_CrossCutting: com.solveit.serviceperson:ServicePerson_CrossCutting:0.0.1-SNAPSHOT with classifier  to /ServicePerson_CrossCutting/target/classes
2022-11-07 13:59:58,863 [Worker-78: Building] INFO  o.e.m.c.i.p.WorkspaceClassifierResolverManager - Resolving P/ServicePerson_Entity: com.solveit.serviceperson:ServicePerson_Entity:0.0.1-SNAPSHOT with classifier  to /ServicePerson_Entity/target/classes
2022-11-07 13:59:58,888 [Worker-78: Building] WARN  o.e.m.c.i.embedder.EclipseLogger - Using platform encoding (Cp1252 actually) to copy filtered resources, i.e. build is platform dependent!
2022-11-07 13:59:58,888 [Worker-78: Building] INFO  o.e.m.c.i.embedder.EclipseLogger - skip non existing resourceDirectory C:\Users\USER\Documents\workspace3\ServicePerson_Infrastructure\src\main\resources
2022-11-07 13:59:58,890 [Worker-78: Building] WARN  o.e.m.c.i.embedder.EclipseLogger - Using platform encoding (Cp1252 actually) to copy filtered resources, i.e. build is platform dependent!
2022-11-07 13:59:58,891 [Worker-78: Building] INFO  o.e.m.c.i.embedder.EclipseLogger - skip non existing resourceDirectory C:\Users\USER\Documents\workspace3\ServicePerson_Infrastructure\src\test\resources
2022-11-07 13:59:59,999 [Worker-78: Building] WARN  o.e.m.c.i.embedder.EclipseLogger - Using platform encoding (Cp1252 actually) to copy filtered resources, i.e. build is platform dependent!
2022-11-07 14:00:00,000 [Worker-78: Building] INFO  o.e.m.c.i.embedder.EclipseLogger - skip non existing resourceDirectory C:\Users\USER\Documents\workspace3\ServicePerson_Infrastructure\src\main\resources
2022-11-07 14:00:00,002 [Worker-78: Building] WARN  o.e.m.c.i.embedder.EclipseLogger - Using platform encoding (Cp1252 actually) to copy filtered resources, i.e. build is platform dependent!
2022-11-07 14:00:00,003 [Worker-78: Building] INFO  o.e.m.c.i.embedder.EclipseLogger - skip non existing resourceDirectory C:\Users\USER\Documents\workspace3\ServicePerson_Infrastructure\src\test\resources
2022-11-07 14:03:01,357 [Worker-86: Building] INFO  o.e.m.c.i.l.LifecycleMappingFactory - Using org.eclipse.m2e.jdt.JarLifecycleMapping lifecycle mapping for MavenProject: com.solveit.serviceperson:ServicePerson_Infrastructure:0.0.1-SNAPSHOT @ C:\Users\USER\Documents\workspace3\ServicePerson_Infrastructure\pom.xml.
2022-11-07 14:03:01,360 [Worker-86: Building] INFO  o.e.m.c.i.p.WorkspaceClassifierResolverManager - Resolving P/ServicePerson_CrossCutting: com.solveit.serviceperson:ServicePerson_CrossCutting:0.0.1-SNAPSHOT with classifier  to /ServicePerson_CrossCutting/target/classes
2022-11-07 14:03:01,360 [Worker-86: Building] INFO  o.e.m.c.i.p.WorkspaceClassifierResolverManager - Resolving P/ServicePerson_Entity: com.solveit.serviceperson:ServicePerson_Entity:0.0.1-SNAPSHOT with classifier  to /ServicePerson_Entity/target/classes
2022-11-07 14:03:01,389 [Worker-86: Building] WARN  o.e.m.c.i.embedder.EclipseLogger - Using platform encoding (Cp1252 actually) to copy filtered resources, i.e. build is platform dependent!
2022-11-07 14:03:01,390 [Worker-86: Building] INFO  o.e.m.c.i.embedder.EclipseLogger - skip non existing resourceDirectory C:\Users\USER\Documents\workspace3\ServicePerson_Infrastructure\src\main\resources
2022-11-07 14:03:01,391 [Worker-86: Building] WARN  o.e.m.c.i.embedder.EclipseLogger - Using platform encoding (Cp1252 actually) to copy filtered resources, i.e. build is platform dependent!
2022-11-07 14:03:01,392 [Worker-86: Building] INFO  o.e.m.c.i.embedder.EclipseLogger - skip non existing resourceDirectory C:\Users\USER\Documents\workspace3\ServicePerson_Infrastructure\src\test\resources
2022-11-07 14:03:02,496 [Worker-82: Building] WARN  o.e.m.c.i.embedder.EclipseLogger - Using platform encoding (Cp1252 actually) to copy filtered resources, i.e. build is platform dependent!
2022-11-07 14:03:02,497 [Worker-82: Building] INFO  o.e.m.c.i.embedder.EclipseLogger - skip non existing resourceDirectory C:\Users\USER\Documents\workspace3\ServicePerson_Infrastructure\src\main\resources
2022-11-07 14:03:02,498 [Worker-82: Building] WARN  o.e.m.c.i.embedder.EclipseLogger - Using platform encoding (Cp1252 actually) to copy filtered resources, i.e. build is platform dependent!
2022-11-07 14:03:02,499 [Worker-82: Building] INFO  o.e.m.c.i.embedder.EclipseLogger - skip non existing resourceDirectory C:\Users\USER\Documents\workspace3\ServicePerson_Infrastructure\src\test\resources
2022-11-07 14:08:50,488 [Worker-88: Building] INFO  o.e.m.c.i.l.LifecycleMappingFactory - Using org.eclipse.m2e.jdt.JarLifecycleMapping lifecycle mapping for MavenProject: com.solveit.serviceperson:ServicePerson_DTO:0.0.1-SNAPSHOT @ C:\Users\USER\Documents\workspace3\ServicePerson_DTO\pom.xml.
2022-11-07 14:08:50,489 [Worker-88: Building] INFO  o.e.m.c.i.p.WorkspaceClassifierResolverManager - Resolving P/ServicePerson_CrossCutting: com.solveit.serviceperson:ServicePerson_CrossCutting:0.0.1-SNAPSHOT with classifier  to /ServicePerson_CrossCutting/target/classes
2022-11-07 14:08:50,511 [Worker-88: Building] WARN  o.e.m.c.i.embedder.EclipseLogger - Using platform encoding (Cp1252 actually) to copy filtered resources, i.e. build is platform dependent!
2022-11-07 14:08:50,513 [Worker-88: Building] INFO  o.e.m.c.i.embedder.EclipseLogger - skip non existing resourceDirectory C:\Users\USER\Documents\workspace3\ServicePerson_DTO\src\main\resources
2022-11-07 14:08:50,514 [Worker-88: Building] WARN  o.e.m.c.i.embedder.EclipseLogger - Using platform encoding (Cp1252 actually) to copy filtered resources, i.e. build is platform dependent!
2022-11-07 14:08:50,515 [Worker-88: Building] INFO  o.e.m.c.i.embedder.EclipseLogger - skip non existing resourceDirectory C:\Users\USER\Documents\workspace3\ServicePerson_DTO\src\test\resources
2022-11-07 14:08:51,817 [Worker-88: Building] WARN  o.e.m.c.i.embedder.EclipseLogger - Using platform encoding (Cp1252 actually) to copy filtered resources, i.e. build is platform dependent!
2022-11-07 14:08:51,817 [Worker-88: Building] INFO  o.e.m.c.i.embedder.EclipseLogger - skip non existing resourceDirectory C:\Users\USER\Documents\workspace3\ServicePerson_DTO\src\main\resources
2022-11-07 14:08:51,819 [Worker-88: Building] WARN  o.e.m.c.i.embedder.EclipseLogger - Using platform encoding (Cp1252 actually) to copy filtered resources, i.e. build is platform dependent!
2022-11-07 14:08:51,819 [Worker-88: Building] INFO  o.e.m.c.i.embedder.EclipseLogger - skip non existing resourceDirectory C:\Users\USER\Documents\workspace3\ServicePerson_DTO\src\test\resources
2022-11-07 14:08:52,944 [Worker-82: Building] INFO  o.e.m.c.i.l.LifecycleMappingFactory - Using org.eclipse.m2e.jdt.JarLifecycleMapping lifecycle mapping for MavenProject: com.solveit.serviceperson:ServicePerson_Entity:0.0.1-SNAPSHOT @ C:\Users\USER\Documents\workspace3\ServicePerson_Entity\pom.xml.
2022-11-07 14:08:52,945 [Worker-82: Building] INFO  o.e.m.c.i.p.WorkspaceClassifierResolverManager - Resolving P/ServicePerson_CrossCutting: com.solveit.serviceperson:ServicePerson_CrossCutting:0.0.1-SNAPSHOT with classifier  to /ServicePerson_CrossCutting/target/classes
2022-11-07 14:08:52,965 [Worker-82: Building] INFO  o.e.m.c.i.l.LifecycleMappingFactory - Using org.eclipse.m2e.jdt.JarLifecycleMapping lifecycle mapping for MavenProject: com.solveit.serviceperson:ServicePerson_Infrastructure:0.0.1-SNAPSHOT @ C:\Users\USER\Documents\workspace3\ServicePerson_Infrastructure\pom.xml.
2022-11-07 14:08:52,968 [Worker-82: Building] INFO  o.e.m.c.i.p.WorkspaceClassifierResolverManager - Resolving P/ServicePerson_CrossCutting: com.solveit.serviceperson:ServicePerson_CrossCutting:0.0.1-SNAPSHOT with classifier  to /ServicePerson_CrossCutting/target/classes
2022-11-07 14:08:52,968 [Worker-82: Building] INFO  o.e.m.c.i.p.WorkspaceClassifierResolverManager - Resolving P/ServicePerson_Entity: com.solveit.serviceperson:ServicePerson_Entity:0.0.1-SNAPSHOT with classifier  to /ServicePerson_Entity/target/classes
2022-11-07 14:08:53,013 [Worker-82: Building] WARN  o.e.m.c.i.embedder.EclipseLogger - Using platform encoding (Cp1252 actually) to copy filtered resources, i.e. build is platform dependent!
2022-11-07 14:08:53,014 [Worker-82: Building] INFO  o.e.m.c.i.embedder.EclipseLogger - skip non existing resourceDirectory C:\Users\USER\Documents\workspace3\ServicePerson_Entity\src\main\resources
2022-11-07 14:08:53,016 [Worker-82: Building] WARN  o.e.m.c.i.embedder.EclipseLogger - Using platform encoding (Cp1252 actually) to copy filtered resources, i.e. build is platform dependent!
2022-11-07 14:08:53,017 [Worker-82: Building] INFO  o.e.m.c.i.embedder.EclipseLogger - skip non existing resourceDirectory C:\Users\USER\Documents\workspace3\ServicePerson_Entity\src\test\resources
2022-11-07 14:08:53,033 [Worker-82: Building] WARN  o.e.m.c.i.embedder.EclipseLogger - Using platform encoding (Cp1252 actually) to copy filtered resources, i.e. build is platform dependent!
2022-11-07 14:08:53,034 [Worker-82: Building] INFO  o.e.m.c.i.embedder.EclipseLogger - skip non existing resourceDirectory C:\Users\USER\Documents\workspace3\ServicePerson_Infrastructure\src\main\resources
2022-11-07 14:08:53,035 [Worker-82: Building] WARN  o.e.m.c.i.embedder.EclipseLogger - Using platform encoding (Cp1252 actually) to copy filtered resources, i.e. build is platform dependent!
2022-11-07 14:08:53,036 [Worker-82: Building] INFO  o.e.m.c.i.embedder.EclipseLogger - skip non existing resourceDirectory C:\Users\USER\Documents\workspace3\ServicePerson_Infrastructure\src\test\resources
2022-11-07 14:08:54,118 [Worker-82: Building] WARN  o.e.m.c.i.embedder.EclipseLogger - Using platform encoding (Cp1252 actually) to copy filtered resources, i.e. build is platform dependent!
2022-11-07 14:08:54,119 [Worker-82: Building] INFO  o.e.m.c.i.embedder.EclipseLogger - skip non existing resourceDirectory C:\Users\USER\Documents\workspace3\ServicePerson_Entity\src\main\resources
2022-11-07 14:08:54,122 [Worker-82: Building] WARN  o.e.m.c.i.embedder.EclipseLogger - Using platform encoding (Cp1252 actually) to copy filtered resources, i.e. build is platform dependent!
2022-11-07 14:08:54,122 [Worker-82: Building] INFO  o.e.m.c.i.embedder.EclipseLogger - skip non existing resourceDirectory C:\Users\USER\Documents\workspace3\ServicePerson_Entity\src\test\resources
2022-11-07 14:09:02,406 [Worker-89: Building] INFO  o.e.m.c.i.l.LifecycleMappingFactory - Using org.eclipse.m2e.jdt.JarLifecycleMapping lifecycle mapping for MavenProject: com.solveit.serviceperson:ServicePerson_Infrastructure:0.0.1-SNAPSHOT @ C:\Users\USER\Documents\workspace3\ServicePerson_Infrastructure\pom.xml.
2022-11-07 14:09:02,408 [Worker-89: Building] INFO  o.e.m.c.i.p.WorkspaceClassifierResolverManager - Resolving P/ServicePerson_CrossCutting: com.solveit.serviceperson:ServicePerson_CrossCutting:0.0.1-SNAPSHOT with classifier  to /ServicePerson_CrossCutting/target/classes
2022-11-07 14:09:02,408 [Worker-89: Building] INFO  o.e.m.c.i.p.WorkspaceClassifierResolverManager - Resolving P/ServicePerson_Entity: com.solveit.serviceperson:ServicePerson_Entity:0.0.1-SNAPSHOT with classifier  to /ServicePerson_Entity/target/classes
2022-11-07 14:09:02,431 [Worker-89: Building] WARN  o.e.m.c.i.embedder.EclipseLogger - Using platform encoding (Cp1252 actually) to copy filtered resources, i.e. build is platform dependent!
2022-11-07 14:09:02,431 [Worker-89: Building] INFO  o.e.m.c.i.embedder.EclipseLogger - skip non existing resourceDirectory C:\Users\USER\Documents\workspace3\ServicePerson_Infrastructure\src\main\resources
2022-11-07 14:09:02,433 [Worker-89: Building] WARN  o.e.m.c.i.embedder.EclipseLogger - Using platform encoding (Cp1252 actually) to copy filtered resources, i.e. build is platform dependent!
2022-11-07 14:09:02,434 [Worker-89: Building] INFO  o.e.m.c.i.embedder.EclipseLogger - skip non existing resourceDirectory C:\Users\USER\Documents\workspace3\ServicePerson_Infrastructure\src\test\resources
2022-11-07 14:09:03,554 [Worker-89: Building] WARN  o.e.m.c.i.embedder.EclipseLogger - Using platform encoding (Cp1252 actually) to copy filtered resources, i.e. build is platform dependent!
2022-11-07 14:09:03,555 [Worker-89: Building] INFO  o.e.m.c.i.embedder.EclipseLogger - skip non existing resourceDirectory C:\Users\USER\Documents\workspace3\ServicePerson_Infrastructure\src\main\resources
2022-11-07 14:09:03,557 [Worker-89: Building] WARN  o.e.m.c.i.embedder.EclipseLogger - Using platform encoding (Cp1252 actually) to copy filtered resources, i.e. build is platform dependent!
2022-11-07 14:09:03,557 [Worker-89: Building] INFO  o.e.m.c.i.embedder.EclipseLogger - skip non existing resourceDirectory C:\Users\USER\Documents\workspace3\ServicePerson_Infrastructure\src\test\resources
2022-11-07 14:11:25,196 [Worker-90: Building] INFO  o.e.m.c.i.l.LifecycleMappingFactory - Using org.eclipse.m2e.jdt.JarLifecycleMapping lifecycle mapping for MavenProject: com.solveit.serviceperson:ServicePerson_Domain:0.0.1-SNAPSHOT @ C:\Users\USER\Documents\workspace3\ServicePerson_Domain\pom.xml.
2022-11-07 14:11:25,197 [Worker-90: Building] INFO  o.e.m.c.i.p.WorkspaceClassifierResolverManager - Resolving P/ServicePerson_CrossCutting: com.solveit.serviceperson:ServicePerson_CrossCutting:0.0.1-SNAPSHOT with classifier  to /ServicePerson_CrossCutting/target/classes
2022-11-07 14:11:25,218 [Worker-90: Building] WARN  o.e.m.c.i.embedder.EclipseLogger - Using platform encoding (Cp1252 actually) to copy filtered resources, i.e. build is platform dependent!
2022-11-07 14:11:25,218 [Worker-90: Building] INFO  o.e.m.c.i.embedder.EclipseLogger - skip non existing resourceDirectory C:\Users\USER\Documents\workspace3\ServicePerson_Domain\src\main\resources
2022-11-07 14:11:25,220 [Worker-90: Building] WARN  o.e.m.c.i.embedder.EclipseLogger - Using platform encoding (Cp1252 actually) to copy filtered resources, i.e. build is platform dependent!
2022-11-07 14:11:25,220 [Worker-90: Building] INFO  o.e.m.c.i.embedder.EclipseLogger - skip non existing resourceDirectory C:\Users\USER\Documents\workspace3\ServicePerson_Domain\src\test\resources
2022-11-07 14:11:26,479 [Worker-94: Building] WARN  o.e.m.c.i.embedder.EclipseLogger - Using platform encoding (Cp1252 actually) to copy filtered resources, i.e. build is platform dependent!
2022-11-07 14:11:26,479 [Worker-94: Building] INFO  o.e.m.c.i.embedder.EclipseLogger - skip non existing resourceDirectory C:\Users\USER\Documents\workspace3\ServicePerson_Domain\src\main\resources
2022-11-07 14:11:26,481 [Worker-94: Building] WARN  o.e.m.c.i.embedder.EclipseLogger - Using platform encoding (Cp1252 actually) to copy filtered resources, i.e. build is platform dependent!
2022-11-07 14:11:26,481 [Worker-94: Building] INFO  o.e.m.c.i.embedder.EclipseLogger - skip non existing resourceDirectory C:\Users\USER\Documents\workspace3\ServicePerson_Domain\src\test\resources
2022-11-07 14:14:20,164 [Worker-89: Building] INFO  o.e.m.c.i.l.LifecycleMappingFactory - Using org.eclipse.m2e.jdt.JarLifecycleMapping lifecycle mapping for MavenProject: com.solveit.serviceperson:ServicePerson_Application:0.0.1-SNAPSHOT @ C:\Users\USER\Documents\workspace3\ServicePerson_Application\pom.xml.
2022-11-07 14:14:20,168 [Worker-89: Building] INFO  o.e.m.c.i.p.WorkspaceClassifierResolverManager - Resolving P/ServicePerson_Domain: com.solveit.serviceperson:ServicePerson_Domain:0.0.1-SNAPSHOT with classifier  to /ServicePerson_Domain/target/classes
2022-11-07 14:14:20,168 [Worker-89: Building] INFO  o.e.m.c.i.p.WorkspaceClassifierResolverManager - Resolving P/ServicePerson_Infrastructure: com.solveit.serviceperson:ServicePerson_Infrastructure:0.0.1-SNAPSHOT with classifier  to /ServicePerson_Infrastructure/target/classes
2022-11-07 14:14:20,168 [Worker-89: Building] INFO  o.e.m.c.i.p.WorkspaceClassifierResolverManager - Resolving P/ServicePerson_CrossCutting: com.solveit.serviceperson:ServicePerson_CrossCutting:0.0.1-SNAPSHOT with classifier  to /ServicePerson_CrossCutting/target/classes
2022-11-07 14:14:20,168 [Worker-89: Building] INFO  o.e.m.c.i.p.WorkspaceClassifierResolverManager - Resolving P/ServicePerson_DTO: com.solveit.serviceperson:ServicePerson_DTO:0.0.1-SNAPSHOT with classifier  to /ServicePerson_DTO/target/classes
2022-11-07 14:14:20,168 [Worker-89: Building] INFO  o.e.m.c.i.p.WorkspaceClassifierResolverManager - Resolving P/ServicePerson_Entity: com.solveit.serviceperson:ServicePerson_Entity:0.0.1-SNAPSHOT with classifier  to /ServicePerson_Entity/target/classes
2022-11-07 14:14:20,191 [Worker-89: Building] WARN  o.e.m.c.i.embedder.EclipseLogger - Using platform encoding (Cp1252 actually) to copy filtered resources, i.e. build is platform dependent!
2022-11-07 14:14:20,191 [Worker-89: Building] INFO  o.e.m.c.i.embedder.EclipseLogger - skip non existing resourceDirectory C:\Users\USER\Documents\workspace3\ServicePerson_Application\src\main\resources
2022-11-07 14:14:20,192 [Worker-89: Building] WARN  o.e.m.c.i.embedder.EclipseLogger - Using platform encoding (Cp1252 actually) to copy filtered resources, i.e. build is platform dependent!
2022-11-07 14:14:20,193 [Worker-89: Building] INFO  o.e.m.c.i.embedder.EclipseLogger - skip non existing resourceDirectory C:\Users\USER\Documents\workspace3\ServicePerson_Application\src\test\resources
2022-11-07 14:14:21,436 [Worker-89: Building] WARN  o.e.m.c.i.embedder.EclipseLogger - Using platform encoding (Cp1252 actually) to copy filtered resources, i.e. build is platform dependent!
2022-11-07 14:14:21,437 [Worker-89: Building] INFO  o.e.m.c.i.embedder.EclipseLogger - skip non existing resourceDirectory C:\Users\USER\Documents\workspace3\ServicePerson_Application\src\main\resources
2022-11-07 14:14:21,438 [Worker-89: Building] WARN  o.e.m.c.i.embedder.EclipseLogger - Using platform encoding (Cp1252 actually) to copy filtered resources, i.e. build is platform dependent!
2022-11-07 14:14:21,439 [Worker-89: Building] INFO  o.e.m.c.i.embedder.EclipseLogger - skip non existing resourceDirectory C:\Users\USER\Documents\workspace3\ServicePerson_Application\src\test\resources
2022-11-07 14:25:46,068 [Worker-90: Building] INFO  o.e.m.c.i.l.LifecycleMappingFactory - Using org.eclipse.m2e.jdt.JarLifecycleMapping lifecycle mapping for MavenProject: com.solveit.serviceperson:ServicePerson_Api:0.0.1-SNAPSHOT @ C:\Users\USER\Documents\workspace3\ServicePerson_Api\pom.xml.
2022-11-07 14:25:46,155 [Worker-90: Building] INFO  o.e.m.c.i.p.WorkspaceClassifierResolverManager - Resolving P/ServicePerson_DTO: com.solveit.serviceperson:ServicePerson_DTO:0.0.1-SNAPSHOT with classifier  to /ServicePerson_DTO/target/classes
2022-11-07 14:25:46,155 [Worker-90: Building] INFO  o.e.m.c.i.p.WorkspaceClassifierResolverManager - Resolving P/ServicePerson_Application: com.solveit.serviceperson:ServicePerson_Application:0.0.1-SNAPSHOT with classifier  to /ServicePerson_Application/target/classes
2022-11-07 14:25:46,155 [Worker-90: Building] INFO  o.e.m.c.i.p.WorkspaceClassifierResolverManager - Resolving P/ServicePerson_Domain: com.solveit.serviceperson:ServicePerson_Domain:0.0.1-SNAPSHOT with classifier  to /ServicePerson_Domain/target/classes
2022-11-07 14:25:46,155 [Worker-90: Building] INFO  o.e.m.c.i.p.WorkspaceClassifierResolverManager - Resolving P/ServicePerson_Infrastructure: com.solveit.serviceperson:ServicePerson_Infrastructure:0.0.1-SNAPSHOT with classifier  to /ServicePerson_Infrastructure/target/classes
2022-11-07 14:25:46,155 [Worker-90: Building] INFO  o.e.m.c.i.p.WorkspaceClassifierResolverManager - Resolving P/ServicePerson_Entity: com.solveit.serviceperson:ServicePerson_Entity:0.0.1-SNAPSHOT with classifier  to /ServicePerson_Entity/target/classes
2022-11-07 14:25:46,155 [Worker-90: Building] INFO  o.e.m.c.i.p.WorkspaceClassifierResolverManager - Resolving P/ServicePerson_CrossCutting: com.solveit.serviceperson:ServicePerson_CrossCutting:0.0.1-SNAPSHOT with classifier  to /ServicePerson_CrossCutting/target/classes
2022-11-07 14:25:46,473 [Worker-90: Building] INFO  o.e.m.c.i.embedder.EclipseLogger - Using 'UTF-8' encoding to copy filtered resources.
2022-11-07 14:25:46,473 [Worker-90: Building] INFO  o.e.m.c.i.embedder.EclipseLogger - Using 'UTF-8' encoding to copy filtered properties files.
2022-11-07 14:25:46,475 [Worker-90: Building] INFO  o.e.m.c.i.embedder.EclipseLogger - Copying 0 resource
2022-11-07 14:25:46,476 [Worker-90: Building] INFO  o.e.m.c.i.embedder.EclipseLogger - Copying 0 resource
2022-11-07 14:25:46,478 [Worker-90: Building] INFO  o.e.m.c.i.embedder.EclipseLogger - Using 'UTF-8' encoding to copy filtered resources.
2022-11-07 14:25:46,478 [Worker-90: Building] INFO  o.e.m.c.i.embedder.EclipseLogger - Using 'UTF-8' encoding to copy filtered properties files.
2022-11-07 14:25:46,478 [Worker-90: Building] INFO  o.e.m.c.i.embedder.EclipseLogger - skip non existing resourceDirectory C:\Users\USER\Documents\workspace3\ServicePerson_Api\src\test\resources
2022-11-07 14:25:48,497 [Worker-97: Building] INFO  o.e.m.c.i.embedder.EclipseLogger - Using 'UTF-8' encoding to copy filtered resources.
2022-11-07 14:25:48,498 [Worker-97: Building] INFO  o.e.m.c.i.embedder.EclipseLogger - Using 'UTF-8' encoding to copy filtered properties files.
2022-11-07 14:25:48,499 [Worker-97: Building] INFO  o.e.m.c.i.embedder.EclipseLogger - Copying 1 resource
2022-11-07 14:25:48,512 [Worker-97: Building] INFO  o.e.m.c.i.embedder.EclipseLogger - Copying 0 resource
2022-11-07 14:25:48,514 [Worker-97: Building] INFO  o.e.m.c.i.embedder.EclipseLogger - Using 'UTF-8' encoding to copy filtered resources.
2022-11-07 14:25:48,514 [Worker-97: Building] INFO  o.e.m.c.i.embedder.EclipseLogger - Using 'UTF-8' encoding to copy filtered properties files.
2022-11-07 14:25:48,514 [Worker-97: Building] INFO  o.e.m.c.i.embedder.EclipseLogger - skip non existing resourceDirectory C:\Users\USER\Documents\workspace3\ServicePerson_Api\src\test\resources
2022-11-07 14:56:26,253 [Worker-100: Building] WARN  o.e.m.c.i.embedder.EclipseLogger - Using platform encoding (Cp1252 actually) to copy filtered resources, i.e. build is platform dependent!
2022-11-07 14:56:26,254 [Worker-100: Building] INFO  o.e.m.c.i.embedder.EclipseLogger - skip non existing resourceDirectory C:\Users\USER\Documents\workspace3\ServicePerson_Domain\src\main\resources
2022-11-07 14:56:26,256 [Worker-100: Building] WARN  o.e.m.c.i.embedder.EclipseLogger - Using platform encoding (Cp1252 actually) to copy filtered resources, i.e. build is platform dependent!
2022-11-07 14:56:26,257 [Worker-100: Building] INFO  o.e.m.c.i.embedder.EclipseLogger - skip non existing resourceDirectory C:\Users\USER\Documents\workspace3\ServicePerson_Domain\src\test\resources
2022-11-07 14:57:02,240 [Worker-103: Building] WARN  o.e.m.c.i.embedder.EclipseLogger - Using platform encoding (Cp1252 actually) to copy filtered resources, i.e. build is platform dependent!
2022-11-07 14:57:02,241 [Worker-103: Building] INFO  o.e.m.c.i.embedder.EclipseLogger - skip non existing resourceDirectory C:\Users\USER\Documents\workspace3\ServicePerson_Domain\src\main\resources
2022-11-07 14:57:02,242 [Worker-103: Building] WARN  o.e.m.c.i.embedder.EclipseLogger - Using platform encoding (Cp1252 actually) to copy filtered resources, i.e. build is platform dependent!
2022-11-07 14:57:02,243 [Worker-103: Building] INFO  o.e.m.c.i.embedder.EclipseLogger - skip non existing resourceDirectory C:\Users\USER\Documents\workspace3\ServicePerson_Domain\src\test\resources
2022-11-07 15:00:11,494 [Worker-104: Building] WARN  o.e.m.c.i.embedder.EclipseLogger - Using platform encoding (Cp1252 actually) to copy filtered resources, i.e. build is platform dependent!
2022-11-07 15:00:11,495 [Worker-104: Building] INFO  o.e.m.c.i.embedder.EclipseLogger - skip non existing resourceDirectory C:\Users\USER\Documents\workspace3\ServicePerson_Domain\src\main\resources
2022-11-07 15:00:11,497 [Worker-104: Building] WARN  o.e.m.c.i.embedder.EclipseLogger - Using platform encoding (Cp1252 actually) to copy filtered resources, i.e. build is platform dependent!
2022-11-07 15:00:11,498 [Worker-104: Building] INFO  o.e.m.c.i.embedder.EclipseLogger - skip non existing resourceDirectory C:\Users\USER\Documents\workspace3\ServicePerson_Domain\src\test\resources
2022-11-07 15:00:40,636 [Worker-105: Building] WARN  o.e.m.c.i.embedder.EclipseLogger - Using platform encoding (Cp1252 actually) to copy filtered resources, i.e. build is platform dependent!
2022-11-07 15:00:40,637 [Worker-105: Building] INFO  o.e.m.c.i.embedder.EclipseLogger - skip non existing resourceDirectory C:\Users\USER\Documents\workspace3\ServicePerson_Domain\src\main\resources
2022-11-07 15:00:40,638 [Worker-105: Building] WARN  o.e.m.c.i.embedder.EclipseLogger - Using platform encoding (Cp1252 actually) to copy filtered resources, i.e. build is platform dependent!
2022-11-07 15:00:40,639 [Worker-105: Building] INFO  o.e.m.c.i.embedder.EclipseLogger - skip non existing resourceDirectory C:\Users\USER\Documents\workspace3\ServicePerson_Domain\src\test\resources
2022-11-07 15:00:54,371 [Worker-105: Building] WARN  o.e.m.c.i.embedder.EclipseLogger - Using platform encoding (Cp1252 actually) to copy filtered resources, i.e. build is platform dependent!
2022-11-07 15:00:54,372 [Worker-105: Building] INFO  o.e.m.c.i.embedder.EclipseLogger - skip non existing resourceDirectory C:\Users\USER\Documents\workspace3\ServicePerson_Domain\src\main\resources
2022-11-07 15:00:54,374 [Worker-105: Building] WARN  o.e.m.c.i.embedder.EclipseLogger - Using platform encoding (Cp1252 actually) to copy filtered resources, i.e. build is platform dependent!
2022-11-07 15:00:54,375 [Worker-105: Building] INFO  o.e.m.c.i.embedder.EclipseLogger - skip non existing resourceDirectory C:\Users\USER\Documents\workspace3\ServicePerson_Domain\src\test\resources
2022-11-07 15:05:42,353 [Worker-105: Building] WARN  o.e.m.c.i.embedder.EclipseLogger - Using platform encoding (Cp1252 actually) to copy filtered resources, i.e. build is platform dependent!
2022-11-07 15:05:42,354 [Worker-105: Building] INFO  o.e.m.c.i.embedder.EclipseLogger - skip non existing resourceDirectory C:\Users\USER\Documents\workspace3\ServicePerson_Domain\src\main\resources
2022-11-07 15:05:42,356 [Worker-105: Building] WARN  o.e.m.c.i.embedder.EclipseLogger - Using platform encoding (Cp1252 actually) to copy filtered resources, i.e. build is platform dependent!
2022-11-07 15:05:42,356 [Worker-105: Building] INFO  o.e.m.c.i.embedder.EclipseLogger - skip non existing resourceDirectory C:\Users\USER\Documents\workspace3\ServicePerson_Domain\src\test\resources
2022-11-07 15:09:01,084 [Worker-110: Building] WARN  o.e.m.c.i.embedder.EclipseLogger - Using platform encoding (Cp1252 actually) to copy filtered resources, i.e. build is platform dependent!
2022-11-07 15:09:01,085 [Worker-110: Building] INFO  o.e.m.c.i.embedder.EclipseLogger - skip non existing resourceDirectory C:\Users\USER\Documents\workspace3\ServicePerson_Domain\src\main\resources
2022-11-07 15:09:01,086 [Worker-110: Building] WARN  o.e.m.c.i.embedder.EclipseLogger - Using platform encoding (Cp1252 actually) to copy filtered resources, i.e. build is platform dependent!
2022-11-07 15:09:01,086 [Worker-110: Building] INFO  o.e.m.c.i.embedder.EclipseLogger - skip non existing resourceDirectory C:\Users\USER\Documents\workspace3\ServicePerson_Domain\src\test\resources
2022-11-07 15:09:16,533 [Worker-110: Building] WARN  o.e.m.c.i.embedder.EclipseLogger - Using platform encoding (Cp1252 actually) to copy filtered resources, i.e. build is platform dependent!
2022-11-07 15:09:16,534 [Worker-110: Building] INFO  o.e.m.c.i.embedder.EclipseLogger - skip non existing resourceDirectory C:\Users\USER\Documents\workspace3\ServicePerson_Domain\src\main\resources
2022-11-07 15:09:16,536 [Worker-110: Building] WARN  o.e.m.c.i.embedder.EclipseLogger - Using platform encoding (Cp1252 actually) to copy filtered resources, i.e. build is platform dependent!
2022-11-07 15:09:16,537 [Worker-110: Building] INFO  o.e.m.c.i.embedder.EclipseLogger - skip non existing resourceDirectory C:\Users\USER\Documents\workspace3\ServicePerson_Domain\src\test\resources
2022-11-07 15:10:48,752 [Worker-103: Building] WARN  o.e.m.c.i.embedder.EclipseLogger - Using platform encoding (Cp1252 actually) to copy filtered resources, i.e. build is platform dependent!
2022-11-07 15:10:48,753 [Worker-103: Building] INFO  o.e.m.c.i.embedder.EclipseLogger - skip non existing resourceDirectory C:\Users\USER\Documents\workspace3\ServicePerson_Domain\src\main\resources
2022-11-07 15:10:48,755 [Worker-103: Building] WARN  o.e.m.c.i.embedder.EclipseLogger - Using platform encoding (Cp1252 actually) to copy filtered resources, i.e. build is platform dependent!
2022-11-07 15:10:48,756 [Worker-103: Building] INFO  o.e.m.c.i.embedder.EclipseLogger - skip non existing resourceDirectory C:\Users\USER\Documents\workspace3\ServicePerson_Domain\src\test\resources
2022-11-07 15:17:40,613 [Worker-115: Building] WARN  o.e.m.c.i.embedder.EclipseLogger - Using platform encoding (Cp1252 actually) to copy filtered resources, i.e. build is platform dependent!
2022-11-07 15:17:40,614 [Worker-115: Building] INFO  o.e.m.c.i.embedder.EclipseLogger - skip non existing resourceDirectory C:\Users\USER\Documents\workspace3\ServicePerson_Domain\src\main\resources
2022-11-07 15:17:40,616 [Worker-115: Building] WARN  o.e.m.c.i.embedder.EclipseLogger - Using platform encoding (Cp1252 actually) to copy filtered resources, i.e. build is platform dependent!
2022-11-07 15:17:40,616 [Worker-115: Building] INFO  o.e.m.c.i.embedder.EclipseLogger - skip non existing resourceDirectory C:\Users\USER\Documents\workspace3\ServicePerson_Domain\src\test\resources
2022-11-07 15:19:46,734 [Worker-115: Building] WARN  o.e.m.c.i.embedder.EclipseLogger - Using platform encoding (Cp1252 actually) to copy filtered resources, i.e. build is platform dependent!
2022-11-07 15:19:46,734 [Worker-115: Building] INFO  o.e.m.c.i.embedder.EclipseLogger - skip non existing resourceDirectory C:\Users\USER\Documents\workspace3\ServicePerson_Domain\src\main\resources
2022-11-07 15:19:46,735 [Worker-115: Building] WARN  o.e.m.c.i.embedder.EclipseLogger - Using platform encoding (Cp1252 actually) to copy filtered resources, i.e. build is platform dependent!
2022-11-07 15:19:46,735 [Worker-115: Building] INFO  o.e.m.c.i.embedder.EclipseLogger - skip non existing resourceDirectory C:\Users\USER\Documents\workspace3\ServicePerson_Domain\src\test\resources
2022-11-07 15:20:41,335 [Worker-109: Building] WARN  o.e.m.c.i.embedder.EclipseLogger - Using platform encoding (Cp1252 actually) to copy filtered resources, i.e. build is platform dependent!
2022-11-07 15:20:41,336 [Worker-109: Building] INFO  o.e.m.c.i.embedder.EclipseLogger - skip non existing resourceDirectory C:\Users\USER\Documents\workspace3\ServicePerson_CrossCutting\src\main\resources
2022-11-07 15:20:41,337 [Worker-109: Building] WARN  o.e.m.c.i.embedder.EclipseLogger - Using platform encoding (Cp1252 actually) to copy filtered resources, i.e. build is platform dependent!
2022-11-07 15:20:41,338 [Worker-109: Building] INFO  o.e.m.c.i.embedder.EclipseLogger - skip non existing resourceDirectory C:\Users\USER\Documents\workspace3\ServicePerson_CrossCutting\src\test\resources
2022-11-07 15:20:58,346 [Worker-114: Building] WARN  o.e.m.c.i.embedder.EclipseLogger - Using platform encoding (Cp1252 actually) to copy filtered resources, i.e. build is platform dependent!
2022-11-07 15:20:58,347 [Worker-114: Building] INFO  o.e.m.c.i.embedder.EclipseLogger - skip non existing resourceDirectory C:\Users\USER\Documents\workspace3\ServicePerson_CrossCutting\src\main\resources
2022-11-07 15:20:58,349 [Worker-114: Building] WARN  o.e.m.c.i.embedder.EclipseLogger - Using platform encoding (Cp1252 actually) to copy filtered resources, i.e. build is platform dependent!
2022-11-07 15:20:58,350 [Worker-114: Building] INFO  o.e.m.c.i.embedder.EclipseLogger - skip non existing resourceDirectory C:\Users\USER\Documents\workspace3\ServicePerson_CrossCutting\src\test\resources
2022-11-07 15:21:36,110 [Worker-116: Building] WARN  o.e.m.c.i.embedder.EclipseLogger - Using platform encoding (Cp1252 actually) to copy filtered resources, i.e. build is platform dependent!
2022-11-07 15:21:36,111 [Worker-116: Building] INFO  o.e.m.c.i.embedder.EclipseLogger - skip non existing resourceDirectory C:\Users\USER\Documents\workspace3\ServicePerson_CrossCutting\src\main\resources
2022-11-07 15:21:36,112 [Worker-116: Building] WARN  o.e.m.c.i.embedder.EclipseLogger - Using platform encoding (Cp1252 actually) to copy filtered resources, i.e. build is platform dependent!
2022-11-07 15:21:36,113 [Worker-116: Building] INFO  o.e.m.c.i.embedder.EclipseLogger - skip non existing resourceDirectory C:\Users\USER\Documents\workspace3\ServicePerson_CrossCutting\src\test\resources
2022-11-07 15:22:06,807 [Worker-116: Building] WARN  o.e.m.c.i.embedder.EclipseLogger - Using platform encoding (Cp1252 actually) to copy filtered resources, i.e. build is platform dependent!
2022-11-07 15:22:06,809 [Worker-116: Building] INFO  o.e.m.c.i.embedder.EclipseLogger - skip non existing resourceDirectory C:\Users\USER\Documents\workspace3\ServicePerson_CrossCutting\src\main\resources
2022-11-07 15:22:06,814 [Worker-116: Building] WARN  o.e.m.c.i.embedder.EclipseLogger - Using platform encoding (Cp1252 actually) to copy filtered resources, i.e. build is platform dependent!
2022-11-07 15:22:06,815 [Worker-116: Building] INFO  o.e.m.c.i.embedder.EclipseLogger - skip non existing resourceDirectory C:\Users\USER\Documents\workspace3\ServicePerson_CrossCutting\src\test\resources
2022-11-07 15:22:20,011 [Worker-116: Building] WARN  o.e.m.c.i.embedder.EclipseLogger - Using platform encoding (Cp1252 actually) to copy filtered resources, i.e. build is platform dependent!
2022-11-07 15:22:20,012 [Worker-116: Building] INFO  o.e.m.c.i.embedder.EclipseLogger - skip non existing resourceDirectory C:\Users\USER\Documents\workspace3\ServicePerson_CrossCutting\src\main\resources
2022-11-07 15:22:20,013 [Worker-116: Building] WARN  o.e.m.c.i.embedder.EclipseLogger - Using platform encoding (Cp1252 actually) to copy filtered resources, i.e. build is platform dependent!
2022-11-07 15:22:20,013 [Worker-116: Building] INFO  o.e.m.c.i.embedder.EclipseLogger - skip non existing resourceDirectory C:\Users\USER\Documents\workspace3\ServicePerson_CrossCutting\src\test\resources
2022-11-07 15:22:42,261 [Worker-114: Building] WARN  o.e.m.c.i.embedder.EclipseLogger - Using platform encoding (Cp1252 actually) to copy filtered resources, i.e. build is platform dependent!
2022-11-07 15:22:42,261 [Worker-114: Building] INFO  o.e.m.c.i.embedder.EclipseLogger - skip non existing resourceDirectory C:\Users\USER\Documents\workspace3\ServicePerson_CrossCutting\src\main\resources
2022-11-07 15:22:42,263 [Worker-114: Building] WARN  o.e.m.c.i.embedder.EclipseLogger - Using platform encoding (Cp1252 actually) to copy filtered resources, i.e. build is platform dependent!
2022-11-07 15:22:42,264 [Worker-114: Building] INFO  o.e.m.c.i.embedder.EclipseLogger - skip non existing resourceDirectory C:\Users\USER\Documents\workspace3\ServicePerson_CrossCutting\src\test\resources
2022-11-07 15:23:02,183 [Worker-109: Building] WARN  o.e.m.c.i.embedder.EclipseLogger - Using platform encoding (Cp1252 actually) to copy filtered resources, i.e. build is platform dependent!
2022-11-07 15:23:02,184 [Worker-109: Building] INFO  o.e.m.c.i.embedder.EclipseLogger - skip non existing resourceDirectory C:\Users\USER\Documents\workspace3\ServicePerson_CrossCutting\src\main\resources
2022-11-07 15:23:02,185 [Worker-109: Building] WARN  o.e.m.c.i.embedder.EclipseLogger - Using platform encoding (Cp1252 actually) to copy filtered resources, i.e. build is platform dependent!
2022-11-07 15:23:02,186 [Worker-109: Building] INFO  o.e.m.c.i.embedder.EclipseLogger - skip non existing resourceDirectory C:\Users\USER\Documents\workspace3\ServicePerson_CrossCutting\src\test\resources
2022-11-07 15:23:30,345 [Worker-114: Building] WARN  o.e.m.c.i.embedder.EclipseLogger - Using platform encoding (Cp1252 actually) to copy filtered resources, i.e. build is platform dependent!
2022-11-07 15:23:30,345 [Worker-114: Building] INFO  o.e.m.c.i.embedder.EclipseLogger - skip non existing resourceDirectory C:\Users\USER\Documents\workspace3\ServicePerson_CrossCutting\src\main\resources
2022-11-07 15:23:30,347 [Worker-114: Building] WARN  o.e.m.c.i.embedder.EclipseLogger - Using platform encoding (Cp1252 actually) to copy filtered resources, i.e. build is platform dependent!
2022-11-07 15:23:30,348 [Worker-114: Building] INFO  o.e.m.c.i.embedder.EclipseLogger - skip non existing resourceDirectory C:\Users\USER\Documents\workspace3\ServicePerson_CrossCutting\src\test\resources
2022-11-07 15:28:41,879 [Worker-109: Building] WARN  o.e.m.c.i.embedder.EclipseLogger - Using platform encoding (Cp1252 actually) to copy filtered resources, i.e. build is platform dependent!
2022-11-07 15:28:41,880 [Worker-109: Building] INFO  o.e.m.c.i.embedder.EclipseLogger - skip non existing resourceDirectory C:\Users\USER\Documents\workspace3\ServicePerson_Domain\src\main\resources
2022-11-07 15:28:41,880 [Worker-109: Building] WARN  o.e.m.c.i.embedder.EclipseLogger - Using platform encoding (Cp1252 actually) to copy filtered resources, i.e. build is platform dependent!
2022-11-07 15:28:41,881 [Worker-109: Building] INFO  o.e.m.c.i.embedder.EclipseLogger - skip non existing resourceDirectory C:\Users\USER\Documents\workspace3\ServicePerson_Domain\src\test\resources
2022-11-07 15:31:14,593 [Worker-109: Building] WARN  o.e.m.c.i.embedder.EclipseLogger - Using platform encoding (Cp1252 actually) to copy filtered resources, i.e. build is platform dependent!
2022-11-07 15:31:14,594 [Worker-109: Building] INFO  o.e.m.c.i.embedder.EclipseLogger - skip non existing resourceDirectory C:\Users\USER\Documents\workspace3\ServicePerson_Domain\src\main\resources
2022-11-07 15:31:14,596 [Worker-109: Building] WARN  o.e.m.c.i.embedder.EclipseLogger - Using platform encoding (Cp1252 actually) to copy filtered resources, i.e. build is platform dependent!
2022-11-07 15:31:14,596 [Worker-109: Building] INFO  o.e.m.c.i.embedder.EclipseLogger - skip non existing resourceDirectory C:\Users\USER\Documents\workspace3\ServicePerson_Domain\src\test\resources
2022-11-07 15:31:39,799 [Worker-103: Building] WARN  o.e.m.c.i.embedder.EclipseLogger - Using platform encoding (Cp1252 actually) to copy filtered resources, i.e. build is platform dependent!
2022-11-07 15:31:39,800 [Worker-103: Building] INFO  o.e.m.c.i.embedder.EclipseLogger - skip non existing resourceDirectory C:\Users\USER\Documents\workspace3\ServicePerson_Domain\src\main\resources
2022-11-07 15:31:39,802 [Worker-103: Building] WARN  o.e.m.c.i.embedder.EclipseLogger - Using platform encoding (Cp1252 actually) to copy filtered resources, i.e. build is platform dependent!
2022-11-07 15:31:39,802 [Worker-103: Building] INFO  o.e.m.c.i.embedder.EclipseLogger - skip non existing resourceDirectory C:\Users\USER\Documents\workspace3\ServicePerson_Domain\src\test\resources
2022-11-07 15:32:04,039 [Worker-116: Building] WARN  o.e.m.c.i.embedder.EclipseLogger - Using platform encoding (Cp1252 actually) to copy filtered resources, i.e. build is platform dependent!
2022-11-07 15:32:04,040 [Worker-116: Building] INFO  o.e.m.c.i.embedder.EclipseLogger - skip non existing resourceDirectory C:\Users\USER\Documents\workspace3\ServicePerson_Domain\src\main\resources
2022-11-07 15:32:04,042 [Worker-116: Building] WARN  o.e.m.c.i.embedder.EclipseLogger - Using platform encoding (Cp1252 actually) to copy filtered resources, i.e. build is platform dependent!
2022-11-07 15:32:04,042 [Worker-116: Building] INFO  o.e.m.c.i.embedder.EclipseLogger - skip non existing resourceDirectory C:\Users\USER\Documents\workspace3\ServicePerson_Domain\src\test\resources
2022-11-07 15:32:22,590 [Worker-114: Building] WARN  o.e.m.c.i.embedder.EclipseLogger - Using platform encoding (Cp1252 actually) to copy filtered resources, i.e. build is platform dependent!
2022-11-07 15:32:22,591 [Worker-114: Building] INFO  o.e.m.c.i.embedder.EclipseLogger - skip non existing resourceDirectory C:\Users\USER\Documents\workspace3\ServicePerson_Domain\src\main\resources
2022-11-07 15:32:22,592 [Worker-114: Building] WARN  o.e.m.c.i.embedder.EclipseLogger - Using platform encoding (Cp1252 actually) to copy filtered resources, i.e. build is platform dependent!
2022-11-07 15:32:22,593 [Worker-114: Building] INFO  o.e.m.c.i.embedder.EclipseLogger - skip non existing resourceDirectory C:\Users\USER\Documents\workspace3\ServicePerson_Domain\src\test\resources
